<?xml version="1.0" encoding="UTF-8"?>
<testsuite xmlns:xsi="http://www.w3.org/2001/XMLSchema-instance" xsi:noNamespaceSchemaLocation="https://maven.apache.org/surefire/maven-surefire-plugin/xsd/surefire-test-report-3.0.xsd" version="3.0" name="com.amit.gl.ZEMPMGMT.ZempmgmtApplicationTests" time="4.335" tests="1" errors="0" skipped="0" failures="0">
  <properties>
[...]
</properties>
  <testcase name="contextLoads" classname="com.amit.gl.ZEMPMGMT.ZempmgmtApplicationTests" time="0.528">
    <system-out><![CDATA[13:36:46.304 [main] INFO org.springframework.test.context.support.AnnotationConfigContextLoaderUtils -- Could not detect default configuration classes for test class [com.amit.gl.ZEMPMGMT.ZempmgmtApplicationTests]: ZempmgmtApplicationTests does not declare any static, non-private, non-final, nested classes annotated with @Configuration.
13:36:46.416 [main] INFO org.springframework.boot.test.context.SpringBootTestContextBootstrapper -- Found @SpringBootConfiguration com.amit.gl.ZEMPMGMT.ZempmgmtApplication for test class com.amit.gl.ZEMPMGMT.ZempmgmtApplicationTests
13:36:46.599 [main] INFO org.springframework.boot.devtools.restart.RestartApplicationListener -- Restart disabled due to context in which it is running

  .   ____          _            __ _ _
 /\\ / ___'_ __ _ _(_)_ __  __ _ \ \ \ \
( ( )\___ | '_ | '_| | '_ \/ _` | \ \ \ \
 \\/  ___)| |_)| | | | | || (_| |  ) ) ) )
  '  |____| .__|_| |_|_| |_\__, | / / / /
 =========|_|==============|___/=/_/_/_/
 :: Spring Boot ::                (v3.1.7)

2024-03-01T13:36:46.836+05:30  INFO 24844 --- [           main] c.a.g.ZEMPMGMT.ZempmgmtApplicationTests  : Starting ZempmgmtApplicationTests using Java 20.0.1 with PID 24844 (started by AmitSinghRawat in C:\Users\amit2\Downloads\EmployeeManagementSyetem\Amit_FSD_SpringMVC_GradedLab5)
2024-03-01T13:36:46.838+05:30  INFO 24844 --- [           main] c.a.g.ZEMPMGMT.ZempmgmtApplicationTests  : No active profile set, falling back to 1 default profile: "default"
2024-03-01T13:36:47.447+05:30  INFO 24844 --- [           main] .s.d.r.c.RepositoryConfigurationDelegate : Bootstrapping Spring Data JPA repositories in DEFAULT mode.
2024-03-01T13:36:47.471+05:30  INFO 24844 --- [           main] .s.d.r.c.RepositoryConfigurationDelegate : Finished Spring Data repository scanning in 15 ms. Found 0 JPA repository interfaces.
2024-03-01T13:36:47.868+05:30  INFO 24844 --- [           main] o.hibernate.jpa.internal.util.LogHelper  : HHH000204: Processing PersistenceUnitInfo [name: default]
2024-03-01T13:36:47.935+05:30  INFO 24844 --- [           main] org.hibernate.Version                    : HHH000412: Hibernate ORM core version 6.2.17.Final
2024-03-01T13:36:47.937+05:30  INFO 24844 --- [           main] org.hibernate.cfg.Environment            : HHH000406: Using bytecode reflection optimizer
2024-03-01T13:36:48.252+05:30  INFO 24844 --- [           main] o.s.o.j.p.SpringPersistenceUnitInfo      : No LoadTimeWeaver setup: ignoring JPA class transformer
2024-03-01T13:36:48.283+05:30  INFO 24844 --- [           main] com.zaxxer.hikari.HikariDataSource       : HikariPool-1 - Starting...
2024-03-01T13:36:48.486+05:30  INFO 24844 --- [           main] com.zaxxer.hikari.pool.HikariPool        : HikariPool-1 - Added connection com.mysql.cj.jdbc.ConnectionImpl@3cc3f13e
2024-03-01T13:36:48.488+05:30  INFO 24844 --- [           main] com.zaxxer.hikari.HikariDataSource       : HikariPool-1 - Start completed.
2024-03-01T13:36:49.305+05:30  INFO 24844 --- [           main] o.h.e.t.j.p.i.JtaPlatformInitiator       : HHH000489: No JTA platform available (set 'hibernate.transaction.jta.platform' to enable JTA platform integration)
2024-03-01T13:36:49.352+05:30  INFO 24844 --- [           main] j.LocalContainerEntityManagerFactoryBean : Initialized JPA EntityManagerFactory for persistence unit 'default'
2024-03-01T13:36:49.552+05:30  WARN 24844 --- [           main] JpaBaseConfiguration$JpaWebConfiguration : spring.jpa.open-in-view is enabled by default. Therefore, database queries may be performed during view rendering. Explicitly configure spring.jpa.open-in-view to disable this warning
2024-03-01T13:36:49.910+05:30  INFO 24844 --- [           main] c.a.g.ZEMPMGMT.ZempmgmtApplicationTests  : Started ZempmgmtApplicationTests in 3.328 seconds (process running for 4.273)
]]></system-out>
  </testcase>
</testsuite>